2025-06-15 01:21:38 | INFO     | AstroScope_main | info:103 | ==================================================
2025-06-15 01:21:38 | INFO     | AstroScope_main | info:103 | AstroScope Application Started
2025-06-15 01:21:38 | INFO     | AstroScope_main | info:103 | Session ID: 20250615_012138
2025-06-15 01:21:38 | INFO     | AstroScope_main | info:103 | ==================================================
2025-06-15 01:21:38 | INFO     | AstroScope_main | info:103 | AstroScope Mobile App initializing
2025-06-15 01:21:38 | INFO     | AstroScope_main | info:103 | Building main UI
2025-06-15 01:21:39 | INFO     | AstroScope_main | info:103 | Creating application screens
2025-06-15 01:21:39 | DEBUG    | AstroScope_main | debug:98 | Strategy property type: <class 'str'>, value: <StringProperty name=>
2025-06-15 01:21:39 | DEBUG    | AstroScope_main | debug:98 | Extracted strategy value: <StringProperty name=>
2025-06-15 01:21:39 | DEBUG    | AstroScope_main | debug:98 | Final strategy display: Maximum Objects
2025-06-15 01:21:39 | INFO     | AstroScope_main | user_action:158 | USER_ACTION | NAVIGATION | {'from': 'previous', 'to': 'home', 'method': 'navigation', 'timestamp': '2025-06-15T01:21:39.303741'}
2025-06-15 01:21:39 | DEBUG    | AstroScope_main | debug:98 | Strategy property type: <class 'str'>, value: <StringProperty name=>
2025-06-15 01:21:39 | DEBUG    | AstroScope_main | debug:98 | Extracted strategy value: <StringProperty name=>
2025-06-15 01:21:39 | DEBUG    | AstroScope_main | debug:98 | Final strategy display: Maximum Objects
2025-06-15 01:21:39 | ERROR    | AstroScope_main | error:120 | Error updating stats
Exception: TypeError: object of type 'kivy.properties.ListProperty' has no len()
Traceback: Traceback (most recent call last):
  File "/Users/enricopapalini/Library/Mobile Documents/iCloud~com~omz-software~Pythonista3/Documents/astropy-app/mobile_app/screens/home_screen.py", line 605, in update_display
    total_targets = len(self.app.app_state.tonights_targets)
TypeError: object of type 'kivy.properties.ListProperty' has no len()

2025-06-15 01:21:39 | ERROR    | AstroScope_main | error:120 | Error getting highlights content
Exception: TypeError: 'kivy.properties.ListProperty' object is not subscriptable
Traceback: Traceback (most recent call last):
  File "/Users/enricopapalini/Library/Mobile Documents/iCloud~com~omz-software~Pythonista3/Documents/astropy-app/mobile_app/screens/home_screen.py", line 864, in get_highlights_content
    top_targets = targets[:3]
TypeError: 'kivy.properties.ListProperty' object is not subscriptable

2025-06-15 01:21:39 | DEBUG    | AstroScope_main | debug:98 | Created Home Screen
2025-06-15 01:21:39 | DEBUG    | AstroScope_main | debug:98 | Created Targets Screen
2025-06-15 01:21:39 | DEBUG    | AstroScope_main | debug:98 | Created Target Detail Screen
2025-06-15 01:21:39 | DEBUG    | AstroScope_main | debug:98 | Created Settings Screen
2025-06-15 01:21:39 | DEBUG    | AstroScope_main | debug:98 | Created Mosaic Screen
2025-06-15 01:21:39 | DEBUG    | AstroScope_main | debug:98 | Created Reports Screen
2025-06-15 01:21:39 | DEBUG    | AstroScope_main | debug:98 | Created Session Planner Screen
2025-06-15 01:21:39 | INFO     | AstroScope_main | info:103 | Created 7 screens: ['home', 'targets', 'target_detail', 'settings', 'mosaic', 'reports', 'session_planner']
2025-06-15 01:21:39 | INFO     | AstroScope_main | info:103 | Main UI built successfully
2025-06-15 01:21:39 | DEBUG    | AstroScope_main | debug:98 | Strategy property type: <class 'str'>, value: <StringProperty name=>
2025-06-15 01:21:39 | DEBUG    | AstroScope_main | debug:98 | Extracted strategy value: <StringProperty name=>
2025-06-15 01:21:39 | DEBUG    | AstroScope_main | debug:98 | Final strategy display: Maximum Objects
2025-06-15 01:21:39 | ERROR    | AstroScope_main | error:120 | Error updating stats
Exception: TypeError: object of type 'kivy.properties.ListProperty' has no len()
Traceback: Traceback (most recent call last):
  File "/Users/enricopapalini/Library/Mobile Documents/iCloud~com~omz-software~Pythonista3/Documents/astropy-app/mobile_app/screens/home_screen.py", line 605, in update_display
    total_targets = len(self.app.app_state.tonights_targets)
TypeError: object of type 'kivy.properties.ListProperty' has no len()

2025-06-15 01:21:39 | ERROR    | AstroScope_main | error:120 | Error getting highlights content
Exception: TypeError: 'kivy.properties.ListProperty' object is not subscriptable
Traceback: Traceback (most recent call last):
  File "/Users/enricopapalini/Library/Mobile Documents/iCloud~com~omz-software~Pythonista3/Documents/astropy-app/mobile_app/screens/home_screen.py", line 864, in get_highlights_content
    top_targets = targets[:3]
TypeError: 'kivy.properties.ListProperty' object is not subscriptable

2025-06-15 01:21:39 | INFO     | AstroScope_main | info:103 | Loading tonight's targets
2025-06-15 01:21:54 | INFO     | AstroScope_main | info:103 | Loaded 20 targets from schedule
2025-06-15 01:21:54 | INFO     | AstroScope_main | info:103 | DATA_OP | load_targets | SUCCESS | Context: {'operation': 'load_targets', 'success': True, 'duration': 14.91349720954895, 'count': 20}
2025-06-15 01:21:54 | DEBUG    | AstroScope_main | debug:98 | Strategy property type: <class 'str'>, value: <StringProperty name=>
2025-06-15 01:21:54 | DEBUG    | AstroScope_main | debug:98 | Extracted strategy value: <StringProperty name=>
2025-06-15 01:21:54 | DEBUG    | AstroScope_main | debug:98 | Final strategy display: Maximum Objects
2025-06-15 01:21:54 | DEBUG    | AstroScope_main | debug:98 | Found 20 targets in tonights_targets
2025-06-15 01:21:54 | INFO     | AstroScope_main | info:103 | Updated home screen stats: 20 total, 0 planned, 0 completed
2025-06-15 01:21:54 | DEBUG    | AstroScope_main | debug:98 | Strategy property type: <class 'str'>, value: <StringProperty name=>
2025-06-15 01:21:54 | DEBUG    | AstroScope_main | debug:98 | Extracted strategy value: <StringProperty name=>
2025-06-15 01:21:54 | DEBUG    | AstroScope_main | debug:98 | Final strategy display: Maximum Objects
2025-06-15 01:21:54 | DEBUG    | AstroScope_main | debug:98 | Found 20 targets in tonights_targets
2025-06-15 01:21:54 | INFO     | AstroScope_main | info:103 | Updated home screen stats: 20 total, 0 planned, 0 completed
2025-06-15 01:21:54 | DEBUG    | AstroScope_main | debug:98 | Strategy property type: <class 'str'>, value: <StringProperty name=>
2025-06-15 01:21:54 | DEBUG    | AstroScope_main | debug:98 | Extracted strategy value: <StringProperty name=>
2025-06-15 01:21:54 | DEBUG    | AstroScope_main | debug:98 | Final strategy display: Maximum Objects
2025-06-15 01:21:54 | DEBUG    | AstroScope_main | debug:98 | Found 20 targets in tonights_targets
2025-06-15 01:21:54 | INFO     | AstroScope_main | info:103 | Updated home screen stats: 20 total, 0 planned, 0 completed
2025-06-15 01:21:54 | INFO     | AstroScope_main | info:103 | Creating visibility chart for 10 targets
2025-06-15 01:21:54 | DEBUG    | AstroScope_main | debug:98 | Normalized 10 targets
2025-06-15 01:22:14 | INFO     | AstroScope_main | info:103 | Creating trajectory plot for 51Peg / Helvetios
2025-06-15 01:22:14 | DEBUG    | AstroScope_main | debug:98 | Normalized target: CelestialObject(name='51Peg / Helvetios', type='Deep Sky Object', mag=5.46)
2025-06-15 01:22:14 | DEBUG    | AstroScope_main | debug:98 | Using constraints: Alt 15.0째-75.0째, Az 65.0째-165.0째
2025-06-15 01:22:14 | INFO     | AstroScope_main | info:103 | Created altitude plot with 46% observable time
2025-06-15 01:22:44 | INFO     | AstroScope_main | user_action:158 | USER_ACTION | NAVIGATION | {'from': 'previous', 'to': 'home', 'method': 'navigation', 'timestamp': '2025-06-15T01:22:44.664306'}
2025-06-15 01:22:44 | DEBUG    | AstroScope_main | debug:98 | Strategy property type: <class 'str'>, value: <StringProperty name=>
2025-06-15 01:22:44 | DEBUG    | AstroScope_main | debug:98 | Extracted strategy value: <StringProperty name=>
2025-06-15 01:22:44 | DEBUG    | AstroScope_main | debug:98 | Final strategy display: Maximum Objects
2025-06-15 01:22:44 | DEBUG    | AstroScope_main | debug:98 | Found 20 targets in tonights_targets
2025-06-15 01:22:44 | INFO     | AstroScope_main | info:103 | Updated home screen stats: 20 total, 0 planned, 0 completed
2025-06-15 01:22:45 | DEBUG    | AstroScope_main | debug:98 | Strategy property type: <class 'str'>, value: <StringProperty name=>
2025-06-15 01:22:45 | DEBUG    | AstroScope_main | debug:98 | Extracted strategy value: <StringProperty name=>
2025-06-15 01:22:45 | DEBUG    | AstroScope_main | debug:98 | Final strategy display: Maximum Objects
2025-06-15 01:22:45 | DEBUG    | AstroScope_main | debug:98 | Found 20 targets in tonights_targets
2025-06-15 01:22:45 | INFO     | AstroScope_main | info:103 | Updated home screen stats: 20 total, 0 planned, 0 completed
2025-06-15 01:22:46 | DEBUG    | AstroScope_main | debug:98 | Strategy property type: <class 'str'>, value: <StringProperty name=>
2025-06-15 01:22:46 | DEBUG    | AstroScope_main | debug:98 | Extracted strategy value: <StringProperty name=>
2025-06-15 01:22:46 | DEBUG    | AstroScope_main | debug:98 | Final strategy display: Maximum Objects
2025-06-15 01:22:46 | DEBUG    | AstroScope_main | debug:98 | Found 20 targets in tonights_targets
2025-06-15 01:22:46 | INFO     | AstroScope_main | info:103 | Updated home screen stats: 20 total, 0 planned, 0 completed
2025-06-15 01:22:59 | INFO     | AstroScope_main | user_action:158 | USER_ACTION | NAVIGATION | {'from': 'previous', 'to': 'home', 'method': 'navigation', 'timestamp': '2025-06-15T01:22:59.838528'}
2025-06-15 01:22:59 | DEBUG    | AstroScope_main | debug:98 | Strategy property type: <class 'str'>, value: <StringProperty name=>
2025-06-15 01:22:59 | DEBUG    | AstroScope_main | debug:98 | Extracted strategy value: <StringProperty name=>
2025-06-15 01:22:59 | DEBUG    | AstroScope_main | debug:98 | Final strategy display: Maximum Objects
2025-06-15 01:22:59 | DEBUG    | AstroScope_main | debug:98 | Found 20 targets in tonights_targets
2025-06-15 01:22:59 | INFO     | AstroScope_main | info:103 | Updated home screen stats: 20 total, 0 planned, 0 completed
2025-06-15 01:23:00 | DEBUG    | AstroScope_main | debug:98 | Strategy property type: <class 'str'>, value: <StringProperty name=>
2025-06-15 01:23:00 | DEBUG    | AstroScope_main | debug:98 | Extracted strategy value: <StringProperty name=>
2025-06-15 01:23:00 | DEBUG    | AstroScope_main | debug:98 | Final strategy display: Maximum Objects
2025-06-15 01:23:00 | DEBUG    | AstroScope_main | debug:98 | Found 20 targets in tonights_targets
2025-06-15 01:23:00 | INFO     | AstroScope_main | info:103 | Updated home screen stats: 20 total, 0 planned, 0 completed
2025-06-15 01:23:01 | DEBUG    | AstroScope_main | debug:98 | Strategy property type: <class 'str'>, value: <StringProperty name=>
2025-06-15 01:23:01 | DEBUG    | AstroScope_main | debug:98 | Extracted strategy value: <StringProperty name=>
2025-06-15 01:23:01 | DEBUG    | AstroScope_main | debug:98 | Final strategy display: Maximum Objects
2025-06-15 01:23:01 | DEBUG    | AstroScope_main | debug:98 | Found 20 targets in tonights_targets
2025-06-15 01:23:01 | INFO     | AstroScope_main | info:103 | Updated home screen stats: 20 total, 0 planned, 0 completed
2025-06-15 01:23:08 | INFO     | AstroScope_main | info:103 | Application stopping
2025-06-15 01:23:08 | INFO     | AstroScope_main | info:103 | ==================================================
2025-06-15 01:23:08 | INFO     | AstroScope_main | info:103 | Application Session Ending
2025-06-15 01:23:08 | INFO     | AstroScope_main | info:103 | Total Errors: 4
2025-06-15 01:23:08 | INFO     | AstroScope_main | info:103 | Error Summary:
2025-06-15 01:23:08 | INFO     | AstroScope_main | info:103 |   TypeError: 4
2025-06-15 01:23:08 | INFO     | AstroScope_main | info:103 | ==================================================
2025-06-15 01:23:08 | INFO     | AstroScope_main | info:103 | Debug logs exported to logs/AstroScope_debug_export_20250615_012308.json
