2025-06-21 16:38:32 | INFO     | AstroScope_main | info:103 | ==================================================
2025-06-21 16:38:32 | INFO     | AstroScope_main | info:103 | AstroScope Application Started
2025-06-21 16:38:32 | INFO     | AstroScope_main | info:103 | Session ID: 20250621_163832
2025-06-21 16:38:32 | INFO     | AstroScope_main | info:103 | ==================================================
2025-06-21 16:38:32 | INFO     | AstroScope_main | info:103 | AstroScope Mobile App initializing
2025-06-21 16:38:32 | INFO     | AstroScope_main | info:103 | Building main UI
2025-06-21 16:38:32 | INFO     | AstroScope_main | info:103 | Twilight type loaded from main config: astronomical
2025-06-21 16:38:32 | INFO     | AstroScope_main | info:103 | Creating application screens
2025-06-21 16:38:32 | DEBUG    | AstroScope_main | debug:98 | Strategy property type: <class 'str'>, value: <StringProperty name=>
2025-06-21 16:38:32 | DEBUG    | AstroScope_main | debug:98 | Extracted strategy value: <StringProperty name=>
2025-06-21 16:38:32 | DEBUG    | AstroScope_main | debug:98 | Final strategy display: Maximum Objects
2025-06-21 16:38:32 | INFO     | AstroScope_main | user_action:158 | USER_ACTION | NAVIGATION | {'from': 'previous', 'to': 'home', 'method': 'navigation', 'timestamp': '2025-06-21T16:38:32.858847'}
2025-06-21 16:38:32 | DEBUG    | AstroScope_main | debug:98 | Strategy property type: <class 'str'>, value: <StringProperty name=>
2025-06-21 16:38:32 | DEBUG    | AstroScope_main | debug:98 | Extracted strategy value: <StringProperty name=>
2025-06-21 16:38:32 | DEBUG    | AstroScope_main | debug:98 | Final strategy display: Maximum Objects
2025-06-21 16:38:32 | ERROR    | AstroScope_main | error:120 | Error updating stats
Exception: TypeError: object of type 'kivy.properties.ListProperty' has no len()
Traceback: Traceback (most recent call last):
  File "/Users/enricopapalini/Library/Mobile Documents/iCloud~com~omz-software~Pythonista3/Documents/astropy-app/mobile_app/screens/home_screen.py", line 605, in update_display
    total_targets = len(self.app.app_state.tonights_targets)
TypeError: object of type 'kivy.properties.ListProperty' has no len()

2025-06-21 16:38:32 | ERROR    | AstroScope_main | error:120 | Error getting highlights content
Exception: TypeError: 'kivy.properties.ListProperty' object is not subscriptable
Traceback: Traceback (most recent call last):
  File "/Users/enricopapalini/Library/Mobile Documents/iCloud~com~omz-software~Pythonista3/Documents/astropy-app/mobile_app/screens/home_screen.py", line 891, in get_highlights_content
    top_targets = targets[:3]
TypeError: 'kivy.properties.ListProperty' object is not subscriptable

2025-06-21 16:38:32 | DEBUG    | AstroScope_main | debug:98 | Created Home Screen
2025-06-21 16:38:32 | DEBUG    | AstroScope_main | debug:98 | Created Targets Screen
2025-06-21 16:38:32 | DEBUG    | AstroScope_main | debug:98 | Created Target Detail Screen
2025-06-21 16:38:32 | DEBUG    | AstroScope_main | debug:98 | Created Settings Screen
2025-06-21 16:38:32 | DEBUG    | AstroScope_main | debug:98 | Created Mosaic Screen
2025-06-21 16:38:32 | DEBUG    | AstroScope_main | debug:98 | Created Reports Screen
2025-06-21 16:38:32 | DEBUG    | AstroScope_main | debug:98 | Created Session Planner Screen
2025-06-21 16:38:32 | INFO     | AstroScope_main | info:103 | Created 7 screens: ['home', 'targets', 'target_detail', 'settings', 'mosaic', 'reports', 'session_planner']
2025-06-21 16:38:32 | INFO     | AstroScope_main | info:103 | Main UI built successfully
2025-06-21 16:38:32 | DEBUG    | AstroScope_main | debug:98 | Strategy property type: <class 'str'>, value: <StringProperty name=>
2025-06-21 16:38:32 | DEBUG    | AstroScope_main | debug:98 | Extracted strategy value: <StringProperty name=>
2025-06-21 16:38:32 | DEBUG    | AstroScope_main | debug:98 | Final strategy display: Maximum Objects
2025-06-21 16:38:32 | ERROR    | AstroScope_main | error:120 | Error updating stats
Exception: TypeError: object of type 'kivy.properties.ListProperty' has no len()
Traceback: Traceback (most recent call last):
  File "/Users/enricopapalini/Library/Mobile Documents/iCloud~com~omz-software~Pythonista3/Documents/astropy-app/mobile_app/screens/home_screen.py", line 605, in update_display
    total_targets = len(self.app.app_state.tonights_targets)
TypeError: object of type 'kivy.properties.ListProperty' has no len()

2025-06-21 16:38:32 | ERROR    | AstroScope_main | error:120 | Error getting highlights content
Exception: TypeError: 'kivy.properties.ListProperty' object is not subscriptable
Traceback: Traceback (most recent call last):
  File "/Users/enricopapalini/Library/Mobile Documents/iCloud~com~omz-software~Pythonista3/Documents/astropy-app/mobile_app/screens/home_screen.py", line 891, in get_highlights_content
    top_targets = targets[:3]
TypeError: 'kivy.properties.ListProperty' object is not subscriptable

2025-06-21 16:38:32 | DEBUG    | AstroScope_main | debug:98 | Strategy property type: <class 'str'>, value: <StringProperty name=>
2025-06-21 16:38:32 | DEBUG    | AstroScope_main | debug:98 | Extracted strategy value: <StringProperty name=>
2025-06-21 16:38:32 | DEBUG    | AstroScope_main | debug:98 | Final strategy display: Maximum Objects
2025-06-21 16:38:32 | ERROR    | AstroScope_main | error:120 | Error updating stats
Exception: TypeError: object of type 'kivy.properties.ListProperty' has no len()
Traceback: Traceback (most recent call last):
  File "/Users/enricopapalini/Library/Mobile Documents/iCloud~com~omz-software~Pythonista3/Documents/astropy-app/mobile_app/screens/home_screen.py", line 605, in update_display
    total_targets = len(self.app.app_state.tonights_targets)
TypeError: object of type 'kivy.properties.ListProperty' has no len()

2025-06-21 16:38:32 | ERROR    | AstroScope_main | error:120 | Error getting highlights content
Exception: TypeError: 'kivy.properties.ListProperty' object is not subscriptable
Traceback: Traceback (most recent call last):
  File "/Users/enricopapalini/Library/Mobile Documents/iCloud~com~omz-software~Pythonista3/Documents/astropy-app/mobile_app/screens/home_screen.py", line 891, in get_highlights_content
    top_targets = targets[:3]
TypeError: 'kivy.properties.ListProperty' object is not subscriptable

2025-06-21 16:38:32 | INFO     | AstroScope_main | info:103 | Loading tonight's targets
2025-06-21 16:38:52 | INFO     | AstroScope_main | info:103 | Loaded 20 targets from schedule
2025-06-21 16:38:52 | INFO     | AstroScope_main | info:103 | DATA_OP | load_targets | SUCCESS | Context: {'operation': 'load_targets', 'success': True, 'duration': 19.5455060005188, 'count': 20}
2025-06-21 16:38:52 | DEBUG    | AstroScope_main | debug:98 | Strategy property type: <class 'str'>, value: <StringProperty name=>
2025-06-21 16:38:52 | DEBUG    | AstroScope_main | debug:98 | Extracted strategy value: <StringProperty name=>
2025-06-21 16:38:52 | DEBUG    | AstroScope_main | debug:98 | Final strategy display: Maximum Objects
2025-06-21 16:38:52 | DEBUG    | AstroScope_main | debug:98 | Found 20 targets in tonights_targets
2025-06-21 16:38:52 | INFO     | AstroScope_main | info:103 | Updated home screen stats: 20 total, 0 planned, 0 completed
2025-06-21 16:38:52 | DEBUG    | AstroScope_main | debug:98 | Strategy property type: <class 'str'>, value: <StringProperty name=>
2025-06-21 16:38:52 | DEBUG    | AstroScope_main | debug:98 | Extracted strategy value: <StringProperty name=>
2025-06-21 16:38:52 | DEBUG    | AstroScope_main | debug:98 | Final strategy display: Maximum Objects
2025-06-21 16:38:52 | DEBUG    | AstroScope_main | debug:98 | Found 20 targets in tonights_targets
2025-06-21 16:38:52 | INFO     | AstroScope_main | info:103 | Updated home screen stats: 20 total, 0 planned, 0 completed
2025-06-21 16:38:52 | INFO     | AstroScope_main | info:103 | Creating visibility chart for 10 targets
2025-06-21 16:38:52 | DEBUG    | AstroScope_main | debug:98 | Normalized 10 targets
2025-06-21 16:39:04 | INFO     | AstroScope_main | user_action:158 | USER_ACTION | NAVIGATION | {'from': 'home', 'to': 'settings', 'method': 'button', 'timestamp': '2025-06-21T16:39:04.812785'}
2025-06-21 16:39:27 | INFO     | AstroScope_main | info:103 | Saving settings...
2025-06-21 16:39:27 | INFO     | AstroScope_main | info:103 | Location saved: Milano (45.516667, 9.216667)
2025-06-21 16:39:27 | INFO     | AstroScope_main | info:103 | Main config updated with twilight type: civil
2025-06-21 16:39:27 | INFO     | AstroScope_main | info:103 | Twilight type saved: civil
2025-06-21 16:39:27 | INFO     | AstroScope_main | info:103 | Min visibility saved: 2.0h
2025-06-21 16:39:27 | INFO     | AstroScope_main | info:103 | Loading tonight's targets
2025-06-21 16:39:47 | INFO     | AstroScope_main | info:103 | Loaded 20 targets from schedule
2025-06-21 16:39:47 | INFO     | AstroScope_main | info:103 | DATA_OP | load_targets | SUCCESS | Context: {'operation': 'load_targets', 'success': True, 'duration': 19.256866931915283, 'count': 20}
2025-06-21 16:39:47 | DEBUG    | AstroScope_main | debug:98 | Strategy property type: <class 'str'>, value: <StringProperty name=>
2025-06-21 16:39:47 | DEBUG    | AstroScope_main | debug:98 | Extracted strategy value: <StringProperty name=>
2025-06-21 16:39:47 | DEBUG    | AstroScope_main | debug:98 | Final strategy display: Maximum Objects
2025-06-21 16:39:47 | DEBUG    | AstroScope_main | debug:98 | Found 20 targets in tonights_targets
2025-06-21 16:39:47 | INFO     | AstroScope_main | info:103 | Updated home screen stats: 20 total, 0 planned, 0 completed
2025-06-21 16:39:47 | DEBUG    | AstroScope_main | debug:98 | Home screen updated with new statistics
2025-06-21 16:39:47 | INFO     | AstroScope_main | info:103 | Settings saved successfully
2025-06-21 16:39:54 | INFO     | AstroScope_main | user_action:158 | USER_ACTION | NAVIGATION | {'from': 'previous', 'to': 'home', 'method': 'navigation', 'timestamp': '2025-06-21T16:39:54.874491'}
2025-06-21 16:39:54 | DEBUG    | AstroScope_main | debug:98 | Strategy property type: <class 'str'>, value: <StringProperty name=>
2025-06-21 16:39:54 | DEBUG    | AstroScope_main | debug:98 | Extracted strategy value: <StringProperty name=>
2025-06-21 16:39:54 | DEBUG    | AstroScope_main | debug:98 | Final strategy display: Maximum Objects
2025-06-21 16:39:54 | DEBUG    | AstroScope_main | debug:98 | Found 20 targets in tonights_targets
2025-06-21 16:39:54 | INFO     | AstroScope_main | info:103 | Updated home screen stats: 20 total, 0 planned, 0 completed
2025-06-21 16:39:55 | DEBUG    | AstroScope_main | debug:98 | Strategy property type: <class 'str'>, value: <StringProperty name=>
2025-06-21 16:39:55 | DEBUG    | AstroScope_main | debug:98 | Extracted strategy value: <StringProperty name=>
2025-06-21 16:39:55 | DEBUG    | AstroScope_main | debug:98 | Final strategy display: Maximum Objects
2025-06-21 16:39:55 | DEBUG    | AstroScope_main | debug:98 | Found 20 targets in tonights_targets
2025-06-21 16:39:55 | INFO     | AstroScope_main | info:103 | Updated home screen stats: 20 total, 0 planned, 0 completed
2025-06-21 16:39:56 | DEBUG    | AstroScope_main | debug:98 | Strategy property type: <class 'str'>, value: <StringProperty name=>
2025-06-21 16:39:56 | DEBUG    | AstroScope_main | debug:98 | Extracted strategy value: <StringProperty name=>
2025-06-21 16:39:56 | DEBUG    | AstroScope_main | debug:98 | Final strategy display: Maximum Objects
2025-06-21 16:39:56 | DEBUG    | AstroScope_main | debug:98 | Found 20 targets in tonights_targets
2025-06-21 16:39:56 | INFO     | AstroScope_main | info:103 | Updated home screen stats: 20 total, 0 planned, 0 completed
2025-06-21 16:40:06 | INFO     | AstroScope_main | info:103 | Creating trajectory plot for M15 / NGC 7078 / M 15
2025-06-21 16:40:06 | DEBUG    | AstroScope_main | debug:98 | Normalized target: CelestialObject(name='M15 / NGC 7078 / M 15', type='Star Cluster', mag=7.5)
2025-06-21 16:40:07 | DEBUG    | AstroScope_main | debug:98 | Using constraints: Alt 30.0째-90.0째, Az 0.0째-360.0째
2025-06-21 16:40:07 | INFO     | AstroScope_main | info:103 | Created altitude plot with 60% observable time
2025-06-21 16:40:24 | INFO     | AstroScope_main | user_action:158 | USER_ACTION | NAVIGATION | {'from': 'previous', 'to': 'home', 'method': 'navigation', 'timestamp': '2025-06-21T16:40:24.021920'}
2025-06-21 16:40:24 | DEBUG    | AstroScope_main | debug:98 | Strategy property type: <class 'str'>, value: <StringProperty name=>
2025-06-21 16:40:24 | DEBUG    | AstroScope_main | debug:98 | Extracted strategy value: <StringProperty name=>
2025-06-21 16:40:24 | DEBUG    | AstroScope_main | debug:98 | Final strategy display: Maximum Objects
2025-06-21 16:40:24 | DEBUG    | AstroScope_main | debug:98 | Found 20 targets in tonights_targets
2025-06-21 16:40:24 | INFO     | AstroScope_main | info:103 | Updated home screen stats: 20 total, 0 planned, 0 completed
2025-06-21 16:40:24 | DEBUG    | AstroScope_main | debug:98 | Strategy property type: <class 'str'>, value: <StringProperty name=>
2025-06-21 16:40:24 | DEBUG    | AstroScope_main | debug:98 | Extracted strategy value: <StringProperty name=>
2025-06-21 16:40:24 | DEBUG    | AstroScope_main | debug:98 | Final strategy display: Maximum Objects
2025-06-21 16:40:24 | DEBUG    | AstroScope_main | debug:98 | Found 20 targets in tonights_targets
2025-06-21 16:40:24 | INFO     | AstroScope_main | info:103 | Updated home screen stats: 20 total, 0 planned, 0 completed
2025-06-21 16:40:26 | DEBUG    | AstroScope_main | debug:98 | Strategy property type: <class 'str'>, value: <StringProperty name=>
2025-06-21 16:40:26 | DEBUG    | AstroScope_main | debug:98 | Extracted strategy value: <StringProperty name=>
2025-06-21 16:40:26 | DEBUG    | AstroScope_main | debug:98 | Final strategy display: Maximum Objects
2025-06-21 16:40:26 | DEBUG    | AstroScope_main | debug:98 | Found 20 targets in tonights_targets
2025-06-21 16:40:26 | INFO     | AstroScope_main | info:103 | Updated home screen stats: 20 total, 0 planned, 0 completed
2025-06-21 16:41:04 | INFO     | AstroScope_main | info:103 | Creating visibility chart for 10 targets
2025-06-21 16:41:04 | DEBUG    | AstroScope_main | debug:98 | Normalized 10 targets
2025-06-21 16:41:09 | INFO     | AstroScope_main | info:103 | Application stopping
2025-06-21 16:41:09 | INFO     | AstroScope_main | info:103 | ==================================================
2025-06-21 16:41:09 | INFO     | AstroScope_main | info:103 | Application Session Ending
2025-06-21 16:41:09 | INFO     | AstroScope_main | info:103 | Total Errors: 6
2025-06-21 16:41:09 | INFO     | AstroScope_main | info:103 | Error Summary:
2025-06-21 16:41:09 | INFO     | AstroScope_main | info:103 |   TypeError: 6
2025-06-21 16:41:09 | INFO     | AstroScope_main | info:103 | ==================================================
2025-06-21 16:41:09 | INFO     | AstroScope_main | info:103 | Debug logs exported to logs/AstroScope_debug_export_20250621_164109.json
2025-06-21 16:44:15 | INFO     | AstroScope_main | info:103 | ==================================================
2025-06-21 16:44:15 | INFO     | AstroScope_main | info:103 | AstroScope Application Started
2025-06-21 16:44:15 | INFO     | AstroScope_main | info:103 | Session ID: 20250621_164415
2025-06-21 16:44:15 | INFO     | AstroScope_main | info:103 | ==================================================
2025-06-21 16:44:15 | INFO     | AstroScope_main | info:103 | AstroScope Mobile App initializing
2025-06-21 16:44:15 | INFO     | AstroScope_main | info:103 | Building main UI
2025-06-21 16:44:15 | INFO     | AstroScope_main | info:103 | Twilight type loaded from main config: civil
2025-06-21 16:44:15 | INFO     | AstroScope_main | info:103 | Creating application screens
2025-06-21 16:44:15 | DEBUG    | AstroScope_main | debug:98 | Strategy property type: <class 'str'>, value: <StringProperty name=>
2025-06-21 16:44:15 | DEBUG    | AstroScope_main | debug:98 | Extracted strategy value: <StringProperty name=>
2025-06-21 16:44:15 | DEBUG    | AstroScope_main | debug:98 | Final strategy display: Maximum Objects
2025-06-21 16:44:15 | INFO     | AstroScope_main | user_action:158 | USER_ACTION | NAVIGATION | {'from': 'previous', 'to': 'home', 'method': 'navigation', 'timestamp': '2025-06-21T16:44:15.802106'}
2025-06-21 16:44:15 | DEBUG    | AstroScope_main | debug:98 | Strategy property type: <class 'str'>, value: <StringProperty name=>
2025-06-21 16:44:15 | DEBUG    | AstroScope_main | debug:98 | Extracted strategy value: <StringProperty name=>
2025-06-21 16:44:15 | DEBUG    | AstroScope_main | debug:98 | Final strategy display: Maximum Objects
2025-06-21 16:44:15 | ERROR    | AstroScope_main | error:120 | Error updating stats
Exception: TypeError: 'kivy.properties.ListProperty' object is not iterable
Traceback: Traceback (most recent call last):
  File "/Users/enricopapalini/Library/Mobile Documents/iCloud~com~omz-software~Pythonista3/Documents/astropy-app/mobile_app/screens/home_screen.py", line 611, in update_display
    total_targets = len(list(targets_prop))
TypeError: 'kivy.properties.ListProperty' object is not iterable

2025-06-21 16:44:15 | ERROR    | AstroScope_main | error:120 | Error getting highlights content
Exception: TypeError: 'kivy.properties.ListProperty' object is not iterable
Traceback: Traceback (most recent call last):
  File "/Users/enricopapalini/Library/Mobile Documents/iCloud~com~omz-software~Pythonista3/Documents/astropy-app/mobile_app/screens/home_screen.py", line 923, in get_highlights_content
    targets_list = list(targets)
TypeError: 'kivy.properties.ListProperty' object is not iterable

2025-06-21 16:44:15 | DEBUG    | AstroScope_main | debug:98 | Created Home Screen
2025-06-21 16:44:15 | DEBUG    | AstroScope_main | debug:98 | Created Targets Screen
2025-06-21 16:44:15 | DEBUG    | AstroScope_main | debug:98 | Created Target Detail Screen
2025-06-21 16:44:15 | DEBUG    | AstroScope_main | debug:98 | Created Settings Screen
2025-06-21 16:44:15 | DEBUG    | AstroScope_main | debug:98 | Created Mosaic Screen
2025-06-21 16:44:15 | DEBUG    | AstroScope_main | debug:98 | Created Reports Screen
2025-06-21 16:44:15 | DEBUG    | AstroScope_main | debug:98 | Created Session Planner Screen
2025-06-21 16:44:15 | INFO     | AstroScope_main | info:103 | Created 7 screens: ['home', 'targets', 'target_detail', 'settings', 'mosaic', 'reports', 'session_planner']
2025-06-21 16:44:15 | INFO     | AstroScope_main | info:103 | Main UI built successfully
2025-06-21 16:44:15 | DEBUG    | AstroScope_main | debug:98 | Strategy property type: <class 'str'>, value: <StringProperty name=>
2025-06-21 16:44:15 | DEBUG    | AstroScope_main | debug:98 | Extracted strategy value: <StringProperty name=>
2025-06-21 16:44:15 | DEBUG    | AstroScope_main | debug:98 | Final strategy display: Maximum Objects
2025-06-21 16:44:15 | ERROR    | AstroScope_main | error:120 | Error updating stats
Exception: TypeError: 'kivy.properties.ListProperty' object is not iterable
Traceback: Traceback (most recent call last):
  File "/Users/enricopapalini/Library/Mobile Documents/iCloud~com~omz-software~Pythonista3/Documents/astropy-app/mobile_app/screens/home_screen.py", line 611, in update_display
    total_targets = len(list(targets_prop))
TypeError: 'kivy.properties.ListProperty' object is not iterable

2025-06-21 16:44:15 | ERROR    | AstroScope_main | error:120 | Error getting highlights content
Exception: TypeError: 'kivy.properties.ListProperty' object is not iterable
Traceback: Traceback (most recent call last):
  File "/Users/enricopapalini/Library/Mobile Documents/iCloud~com~omz-software~Pythonista3/Documents/astropy-app/mobile_app/screens/home_screen.py", line 923, in get_highlights_content
    targets_list = list(targets)
TypeError: 'kivy.properties.ListProperty' object is not iterable

2025-06-21 16:44:15 | INFO     | AstroScope_main | info:103 | Loading tonight's targets
